[
  {
    "line": 3,
    "elements": [
      {
        "line": 5,
        "name": "",
        "description": "",
        "type": "background",
        "keyword": "Background",
        "steps": [
          {
            "result": {
              "duration": 28854000000,
              "status": "passed"
            },
            "line": 6,
            "name": "user  is on the Adactin hotel login page",
            "match": {
              "location": "org.test.StepDefFile.user_is_on_the_adactin_hotel_login_page()"
            },
            "keyword": "When "
          }
        ]
      },
      {
        "start_timestamp": "2023-01-04T09:12:19.881Z",
        "line": 16,
        "name": "Adactin hotel credintials testing",
        "description": "",
        "id": "adactin-hotel-functionality-testing;adactin-hotel-credintials-testing;;2",
        "type": "scenario",
        "keyword": "Scenario Outline",
        "steps": [
          {
            "result": {
              "duration": 4752000000,
              "status": "passed"
            },
            "line": 10,
            "name": "User should enter valid \"sakthivelvadivel\"  and \"3CKGE8\"",
            "match": {
              "arguments": [
                {
                  "val": "\"sakthivelvadivel\"",
                  "offset": 24
                },
                {
                  "val": "\"3CKGE8\"",
                  "offset": 48
                }
              ],
              "location": "org.test.StepDefFile.user_should_enter_valid_and(java.lang.String,java.lang.String)"
            },
            "keyword": "When "
          },
          {
            "result": {
              "duration": 9798000000,
              "status": "passed"
            },
            "line": 11,
            "name": "User should enter the login button",
            "match": {
              "location": "org.test.StepDefFile.user_should_enter_the_login_button()"
            },
            "keyword": "And "
          },
          {
            "result": {
              "status": "passed"
            },
            "line": 12,
            "name": "User should navigate to search hotel page",
            "match": {
              "location": "org.test.StepDefFile.user_should_navigate_to_search_hotel_page()"
            },
            "keyword": "Then "
          }
        ],
        "tags": [
          {
            "name": "@Smoke"
          }
        ]
      }
    ],
    "name": "Adactin hotel functionality testing",
    "description": "",
    "id": "adactin-hotel-functionality-testing",
    "keyword": "Feature",
    "uri": "file:src/test/resources/FeatureFiles/1.LogInPage.feature",
    "tags": []
  }
]tocolHandshake.java:102)\r\n\tat org.openqa.selenium.remote.ProtocolHandshake.createSession(ProtocolHandshake.java:67)\r\n\tat org.openqa.selenium.remote.HttpCommandExecutor.execute(HttpCommandExecutor.java:156)\r\n\tat org.openqa.selenium.remote.service.DriverCommandExecutor.invokeExecute(DriverCommandExecutor.java:167)\r\n\tat org.openqa.selenium.remote.service.DriverCommandExecutor.execute(DriverCommandExecutor.java:142)\r\n\tat org.openqa.selenium.remote.RemoteWebDriver.execute(RemoteWebDriver.java:547)\r\n\tat org.openqa.selenium.remote.RemoteWebDriver.startSession(RemoteWebDriver.java:242)\r\n\tat org.openqa.selenium.ie.InternetExplorerDriver.run(InternetExplorerDriver.java:184)\r\n\tat org.openqa.selenium.ie.InternetExplorerDriver.\u003cinit\u003e(InternetExplorerDriver.java:171)\r\n\tat org.openqa.selenium.ie.InternetExplorerDriver.\u003cinit\u003e(InternetExplorerDriver.java:144)\r\n\tat BaseClass.test.BaseClass2.getDriver(BaseClass2.java:48)\r\n\tat org.test.StepDefFile.user_is_on_the_adactin_hotel_login_page(StepDefFile.java:21)\r\n\tat sun.reflect.NativeMethodAccessorImpl.invoke0(Native Method)\r\n\tat sun.reflect.NativeMethodAccessorImpl.invoke(Unknown Source)\r\n\tat sun.reflect.DelegatingMethodAccessorImpl.invoke(Unknown Source)\r\n\tat java.lang.reflect.Method.invoke(Unknown Source)\r\n\tat io.cucumber.java.Invoker.doInvoke(Invoker.java:66)\r\n\tat io.cucumber.java.Invoker.invoke(Invoker.java:24)\r\n\tat io.cucumber.java.AbstractGlueDefinition.invokeMethod(AbstractGlueDefinition.java:47)\r\n\tat io.cucumber.java.JavaStepDefinition.execute(JavaStepDefinition.java:29)\r\n\tat io.cucumber.core.runner.CoreStepDefinition.execute(CoreStepDefinition.java:66)\r\n\tat io.cucumber.core.runner.PickleStepDefinitionMatch.runStep(PickleStepDefinitionMatch.java:63)\r\n\tat io.cucumber.core.runner.ExecutionMode$1.execute(ExecutionMode.java:10)\r\n\tat io.cucumber.core.runner.TestStep.executeStep(TestStep.java:92)\r\n\tat io.cucumber.core.runner.TestStep.run(TestStep.java:64)\r\n\tat io.cucumber.core.runner.PickleStepTestStep.run(PickleStepTestStep.java:51)\r\n\tat io.cucumber.core.runner.TestCase.run(TestCase.java:104)\r\n\tat io.cucumber.core.runner.Runner.runPickle(Runner.java:71)\r\n\tat io.cucumber.junit.PickleRunners$NoStepDescriptions.run(PickleRunners.java:151)\r\n\tat io.cucumber.junit.FeatureRunner.runChild(FeatureRunner.java:135)\r\n\tat io.cucumber.junit.FeatureRunner.runChild(FeatureRunner.java:27)\r\n\tat org.junit.runners.ParentRunner$4.run(ParentRunner.java:331)\r\n\tat org.junit.runners.ParentRunner$1.schedule(ParentRunner.java:79)\r\n\tat org.junit.runners.ParentRunner.runChildren(ParentRunner.java:329)\r\n\tat org.junit.runners.ParentRunner.access$100(ParentRunner.java:66)\r\n\tat org.junit.runners.ParentRunner$2.evaluate(ParentRunner.java:293)\r\n\tat org.junit.runners.ParentRunner$3.evaluate(ParentRunner.java:306)\r\n\tat org.junit.runners.ParentRunner.run(ParentRunner.java:413)\r\n\tat io.cucumber.junit.Cucumber.runChild(Cucumber.java:199)\r\n\tat io.cucumber.junit.Cucumber.runChild(Cucumber.java:90)\r\n\tat org.junit.runners.ParentRunner$4.run(ParentRunner.java:331)\r\n\tat org.junit.runners.ParentRunner$1.schedule(ParentRunner.java:79)\r\n\tat org.junit.runners.ParentRunner.runChildren(ParentRunner.java:329)\r\n\tat org.junit.runners.ParentRunner.access$100(ParentRunner.java:66)\r\n\tat org.junit.runners.ParentRunner$2.evaluate(ParentRunner.java:293)\r\n\tat io.cucumber.junit.Cucumber$RunCucumber.evaluate(Cucumber.java:234)\r\n\tat org.junit.runners.ParentRunner$3.evaluate(ParentRunner.java:306)\r\n\tat org.junit.runners.ParentRunner.run(ParentRunner.java:413)\r\n\tat org.eclipse.jdt.internal.junit4.runner.JUnit4TestReference.run(JUnit4TestReference.java:86)\r\n\tat org.eclipse.jdt.internal.junit.runner.TestExecution.run(TestExecution.java:38)\r\n\tat org.eclipse.jdt.internal.junit.runner.RemoteTestRunner.runTests(RemoteTestRunner.java:538)\r\n\tat org.eclipse.jdt.internal.junit.runner.RemoteTestRunner.runTests(RemoteTestRunner.java:760)\r\n\tat org.eclipse.jdt.internal.junit.runner.RemoteTestRunner.run(RemoteTestRunner.java:460)\r\n\tat org.eclipse.jdt.internal.junit.runner.RemoteTestRunner.main(RemoteTestRunner.java:206)\r\nCaused by: java.util.concurrent.ExecutionException: java.util.concurrent.TimeoutException: Request timeout to localhost/127.0.0.1:57313 after 180000 ms\r\n\tat java.util.concurrent.CompletableFuture.reportGet(Unknown Source)\r\n\tat java.util.concurrent.CompletableFuture.get(Unknown Source)\r\n\tat org.asynchttpclient.netty.NettyResponseFuture.get(NettyResponseFuture.java:206)\r\n\tat org.openqa.selenium.remote.http.netty.NettyHttpHandler.makeCall(NettyHttpHandler.java:59)\r\n\t... 61 more\r\nCaused by: java.util.concurrent.TimeoutException: Request timeout to localhost/127.0.0.1:57313 after 180000 ms\r\n\tat org.asynchttpclient.netty.timeout.TimeoutTimerTask.expire(TimeoutTimerTask.java:43)\r\n\tat org.asynchttpclient.netty.timeout.RequestTimeoutTimerTask.run(RequestTimeoutTimerTask.java:50)\r\n\tat io.netty.util.HashedWheelTimer$HashedWheelTimeout.run(HashedWheelTimer.java:715)\r\n\tat io.netty.util.concurrent.ImmediateExecutor.execute(ImmediateExecutor.java:34)\r\n\tat io.netty.util.HashedWheelTimer$HashedWheelTimeout.expire(HashedWheelTimer.java:703)\r\n\tat io.netty.util.HashedWheelTimer$HashedWheelBucket.expireTimeouts(HashedWheelTimer.java:790)\r\n\tat io.netty.util.HashedWheelTimer$Worker.run(HashedWheelTimer.java:503)\r\n\tat io.netty.util.concurrent.FastThreadLocalRunnable.run(FastThreadLocalRunnable.java:30)\r\n\tat java.lang.Thread.run(Unknown Source)\r\n",
              "duration": 195424000000,
              "status": "failed"
            },
            "line": 6,
            "name": "user  is on the Adactin hotel login page",
            "match": {
              "location": "org.test.StepDefFile.user_is_on_the_adactin_hotel_login_page()"
            },
            "keyword": "When "
          }
        ]
      },
      {
        "start_timestamp": "2023-01-04T09:09:36.693Z",
        "line": 16,
        "name": "Adactin hotel credintials testing",
        "description": "",
        "id": "adactin-hotel-functionality-testing;adactin-hotel-credintials-testing;;2",
        "type": "scenario",
        "keyword": "Scenario Outline",
        "steps": [
          {
            "result": {
              "status": "skipped"
            },
            "line": 10,
            "name": "User should enter valid \"sakthivelvadivel\"  and \"3CKGE8\"",
            "match": {
              "arguments": [
                {
                  "val": "\"sakthivelvadivel\"",
                  "offset": 24
                },
                {
                  "val": "\"3CKGE8\"",
                  "offset": 48
                }
              ],
              "location": "org.test.StepDefFile.user_should_enter_valid_and(java.lang.String,java.lang.String)"
            },
            "keyword": "When "
          },
          {
            "result": {
              "status": "skipped"
            },
            "line": 11,
            "name": "User should enter the login button",
            "match": {
              "location": "org.test.StepDefFile.user_should_enter_the_login_button()"
            },
            "keyword": "And "
          },
          {
            "result": {
              "status": "skipped"
            },
            "line": 12,
            "name": "User should navigate to search hotel page",
            "match": {
              "location": "org.test.StepDefFile.user_should_navigate_to_search_hotel_page()"
            },
            "keyword": "Then "
          }
        ],
        "tags": [
          {
            "name": "@Smoke"
          }
        ]
      }
    ],
    "name": "Adactin hotel functionality testing",
    "description": "",
    "id": "adactin-hotel-functionality-testing",
    "keyword": "Feature",
    "uri": "file:src/test/resources/FeatureFiles/1.LogInPage.feature",
    "tags": []
  }
]